0: Server starting with version 255
0: Starting server ACC Server (please edit settings.json)
0: maxCarSlots 30 exceeds the allowed slots by Rating requirement (10). Add Track Medal and Safety Rating Requirements to gain up to 30 slots (3 TM + 70 SA)
0: Translated realtime interval hzToMiliseconds(18)=54

0: SessionManager::randomizeGreenFlagTriggers: s:0.890000 e:0.950000 r:0.896178
0: Track monza was set and updated
0: Event changed
0: SessionManager::randomizeGreenFlagTriggers: s:0.890000 e:0.950000 r:0.918271
0: Significant change detected, updating lobby (1|1)
0: maxCarSlots 30 exceeds the allowed slots by Rating requirement (10). Add Track Medal and Safety Rating Requirements to gain up to 30 slots (3 TM + 70 SA)
0: Resetting weekend to friday night
0: Reset time to friday night: 0 -> 0
0: Reset time to first session: 0 -> 61200
0: SessionManager::randomizeGreenFlagTriggers: s:0.890000 e:0.950000 r:0.939826
0: Listening to TCP 9601 | UDP 9600
380: Trying to connect to lobby (0 times, interval 10000 s)
380: Session changed: Practice -> Practice 0
380: Detected sessionPhase <waiting for drivers> -> <waiting for drivers> (Practice)
21416: ==ERR: RegisterToLobby TCP connection failed, couldn't connect to the lobby server
21431: Trying to connect to lobby (1 times, interval 13000 s)
22598: RegisterToLobby succeeded
22614: Sent lobby registration request for monza
22787: TCPQueue now: 4
22787: New TCP incoming pakSizeMax, 0 => 2
22787: Updated lobby with 0 drivers
